
Running check 'Fase 1: Preparação'
=================
APT Repositories:
=================
Repos:     No active apt repos in: /etc/apt/sources.list 
           Active apt repos in: /etc/apt/sources.list.d/additional-repositories.list 
           1: deb [arch=amd64] https://download.docker.com/linux/ubuntu focal stable
           Active apt repos in: /etc/apt/sources.list.d/google-chrome.list 
           1: deb [arch=amd64] http://dl.google.com/linux/chrome/deb/ stable main
           Active apt repos in: /etc/apt/sources.list.d/hluk-copyq-focal.list 
           1: deb http://ppa.launchpad.net/hluk/copyq/ubuntu focal main
           Active apt repos in: /etc/apt/sources.list.d/official-package-repositories.list 
           1: deb http://packages.linuxmint.com una main upstream import backport #id:linuxmint_main
           2: deb http://archive.ubuntu.com/ubuntu focal main restricted universe multiverse
           3: deb http://archive.ubuntu.com/ubuntu focal-updates main restricted universe multiverse
           4: deb http://archive.ubuntu.com/ubuntu focal-backports main restricted universe multiverse
           5: deb http://security.ubuntu.com/ubuntu/ focal-security main restricted universe multiverse
           6: deb http://archive.canonical.com/ubuntu/ focal partner
           Active apt repos in: /etc/apt/sources.list.d/ondrej-php-focal.list 
           1: deb http://ppa.launchpad.net/ondrej/php/ubuntu focal main
           Active apt repos in: /etc/apt/sources.list.d/opera-stable.list 
           1: deb https://deb.opera.com/opera-stable/ stable non-free #Opera Browser (final releases)
           Active apt repos in: /etc/apt/sources.list.d/opera.list 
           1: deb http://deb.opera.com/opera-stable/ stable non-free
           Active apt repos in: /etc/apt/sources.list.d/teams.list 
           1: deb [arch=amd64] https://packages.microsoft.com/repos/ms-teams stable main
           Active apt repos in: /etc/apt/sources.list.d/teamviewer.list 
           1: deb [signed-by=/usr/share/keyrings/teamviewer-keyring.gpg] https://linux.teamviewer.com/deb stable main
           Active apt repos in: /etc/apt/sources.list.d/ubuntuhandbook1-apps-focal.list 
           1: deb http://ppa.launchpad.net/ubuntuhandbook1/apps/ubuntu focal main
           Active apt repos in: /etc/apt/sources.list.d/vscode.list 
           1: deb [arch=amd64,arm64,armhf] http://packages.microsoft.com/repos/code stable main
=================
mintupgrade-inhibit-power: nenhum processo localizado
